<?xml version="1.0" encoding="UTF-8"?>
<!-- Generated by org.testng.reporters.JUnitReportReporter -->
<testsuite hostname="Ramesh" failures="0" tests="1" name="testCases.TC_002_LoginTest" time="1.770" errors="0" timestamp="2024-03-06T18:18:46 IST" skipped="0">
  <testcase classname="testCases.TC_002_LoginTest" name="verify_login" time="1.770"/>
</testsuite> <!-- testCases.TC_002_LoginTest -->
