<?xml version="1.0" encoding="UTF-8"?>
<!-- Generated by org.testng.reporters.JUnitReportReporter -->
<testsuite hostname="Ramesh" failures="0" tests="5" name="testCases.TC_003_LoginDDT" time="36.080" errors="0" timestamp="2024-03-06T17:46:55 IST" skipped="0">
  <testcase classname="testCases.TC_003_LoginDDT" name="verify_loginDDT" time="11.049"/>
  <testcase classname="testCases.TC_003_LoginDDT" name="verify_loginDDT" time="11.075"/>
  <testcase classname="testCases.TC_003_LoginDDT" name="verify_loginDDT" time="10.925"/>
  <testcase classname="testCases.TC_003_LoginDDT" name="verify_loginDDT" time="1.715"/>
  <testcase classname="testCases.TC_003_LoginDDT" name="verify_loginDDT" time="1.316"/>
</testsuite> <!-- testCases.TC_003_LoginDDT -->
