<?xml version="1.0" encoding="UTF-8"?>
<!-- Generated by org.testng.reporters.JUnitReportReporter -->
<testsuite hostname="Ramesh" failures="0" tests="1" name="testCases.TC_002_LoginTest" time="1.905" errors="0" timestamp="2024-03-06T18:20:03 IST" skipped="0">
  <testcase classname="testCases.TC_002_LoginTest" name="verify_login" time="1.905"/>
</testsuite> <!-- testCases.TC_002_LoginTest -->
